<?xml version="1.0" encoding="UTF-8"?>
<!-- Generated by org.testng.reporters.JUnitReportReporter -->
<testsuite hostname="DESKTOP-5QPL10C" failures="0" tests="1" name="Selenium_Jenkins_Ex.LoginandLogout" time="20.203" errors="0" timestamp="2023-12-27T13:54:44 IST" skipped="0">
  <testcase classname="Selenium_Jenkins_Ex.LoginandLogout" name="verifyLogin" time="20.203"/>
  <system-out/>
</testsuite> <!-- Selenium_Jenkins_Ex.LoginandLogout -->
